<?xml version="1.0" encoding="UTF-8"?>
<!-- Generated by org.testng.reporters.JUnitReportReporter -->
<testsuite hostname="pc-PC" failures="0" tests="2" name="com.OrangeHrm.tests.LoginTest" time="1.716" errors="0" timestamp="2022-11-30T11:39:42 CET" skipped="0">
  <testcase classname="com.OrangeHrm.tests.LoginTest" name="verifyLoginPageTitle" time="0.949"/>
  <system-out/>
  <testcase classname="com.OrangeHrm.tests.LoginTest" name="testLoginPage" time="0.767"/>
  <system-out/>
</testsuite> <!-- com.OrangeHrm.tests.LoginTest -->
