<?xml version="1.0" encoding="UTF-8"?>
<!-- Generated by org.testng.reporters.JUnitReportReporter -->
<testsuite hostname="pc-PC" failures="0" tests="2" name="com.OrangeHrm.tests.PIMTest" time="22.051" errors="0" timestamp="2022-11-30T11:39:42 CET" skipped="0">
  <testcase classname="com.OrangeHrm.tests.PIMTest" name="addemployeeTest" time="12.754"/>
  <system-out/>
  <testcase classname="com.OrangeHrm.tests.PIMTest" name="deleteEmployee" time="9.297"/>
  <system-out/>
</testsuite> <!-- com.OrangeHrm.tests.PIMTest -->
