<?xml version="1.0" encoding="UTF-8"?>
<!-- Generated by org.testng.reporters.JUnitReportReporter -->
<testsuite hostname="pc-PC" failures="0" tests="1" name="com.OrangeHrm.tests.BaseTest" time="0.261" errors="0" timestamp="2022-11-28T21:40:39 CET" skipped="0">
  <testcase classname="com.OrangeHrm.tests.BaseTest" name="testassert" time="0.261"/>
  <system-out/>
</testsuite> <!-- com.OrangeHrm.tests.BaseTest -->
